kohlortest_android/build/outputs/logs/manifest-merger-debug-report.txt
-- Merging decision tree log ---
manifest
ADDED from src\main\AndroidManifest.xml:2:1-69:12
INJECTED from src\main\AndroidManifest.xml:2:1-69:12
INJECTED from src\main\AndroidManifest.xml:2:1-69:12
INJECTED from src\main\AndroidManifest.xml:2:1-69:12
INJECTED from src\main\AndroidManifest.xml:2:1-69:12
INJECTED from src\main\AndroidManifest.xml:2:1-69:12
INJECTED from src\main\AndroidManifest.xml:2:1-69:12
	package
		ADDED from src\main\AndroidManifest.xml:3:5-37
		INJECTED from src\main\AndroidManifest.xml
		INJECTED from src\main\AndroidManifest.xml
	android:versionName
		ADDED from src\main\AndroidManifest.xml:6:5-30
		INJECTED from src\main\AndroidManifest.xml
		INJECTED from src\main\AndroidManifest.xml
	xmlns:android
		ADDED from src\main\AndroidManifest.xml:2:11-69
	android:versionCode
		ADDED from src\main\AndroidManifest.xml:5:5-28
		INJECTED from src\main\AndroidManifest.xml
		INJECTED from src\main\AndroidManifest.xml
	android:installLocation
		ADDED from src\main\AndroidManifest.xml:4:5-45
application
ADDED from src\main\AndroidManifest.xml:8:5-42:19
	android:label
		ADDED from src\main\AndroidManifest.xml:12:9-41
	android:icon
		ADDED from src\main\AndroidManifest.xml:10:9-42
	android:banner
		ADDED from src\main\AndroidManifest.xml:9:9-46
	android:isGame
		ADDED from src\main\AndroidManifest.xml:11:9-30
activity#com.deepano.kohlortest.UnityPlayerNativeActivity
ADDED from src\main\AndroidManifest.xml:13:9-28:20
	android:screenOrientation
		ADDED from src\main\AndroidManifest.xml:18:13-49
	android:label
		ADDED from src\main\AndroidManifest.xml:16:13-45
	android:launchMode
		ADDED from src\main\AndroidManifest.xml:17:13-44
	android:configChanges
		ADDED from src\main\AndroidManifest.xml:15:13-194
	android:name
		ADDED from src\main\AndroidManifest.xml:14:13-76
intent-filter#action:name:android.intent.action.MAIN+category:name:android.intent.category.LEANBACK_LAUNCHER
ADDED from src\main\AndroidManifest.xml:19:13-24:29
action#android.intent.action.MAIN
ADDED from src\main\AndroidManifest.xml:20:17-69
	android:name
		ADDED from src\main\AndroidManifest.xml:20:25-66
category#android.intent.category.LEANBACK_LAUNCHER
ADDED from src\main\AndroidManifest.xml:23:17-86
	android:name
		ADDED from src\main\AndroidManifest.xml:23:27-83
meta-data#unityplayer.ForwardNativeEventsToDalvik
ADDED from src\main\AndroidManifest.xml:25:13-27:40
	android:value
		ADDED from src\main\AndroidManifest.xml:27:17-37
	android:name
		ADDED from src\main\AndroidManifest.xml:26:17-71
meta-data#unity.build-id
ADDED from src\main\AndroidManifest.xml:30:9-32:68
	android:value
		ADDED from src\main\AndroidManifest.xml:32:13-65
	android:name
		ADDED from src\main\AndroidManifest.xml:31:13-42
meta-data#unity.splash-mode
ADDED from src\main\AndroidManifest.xml:33:9-35:33
	android:value
		ADDED from src\main\AndroidManifest.xml:35:13-30
	android:name
		ADDED from src\main\AndroidManifest.xml:34:13-45
meta-data#unity.splash-enable
ADDED from src\main\AndroidManifest.xml:36:9-38:36
	android:value
		ADDED from src\main\AndroidManifest.xml:38:13-33
	android:name
		ADDED from src\main\AndroidManifest.xml:37:13-47
meta-data#android.max_aspect
ADDED from src\main\AndroidManifest.xml:39:9-41:35
	android:value
		ADDED from src\main\AndroidManifest.xml:41:13-32
	android:name
		ADDED from src\main\AndroidManifest.xml:40:13-46
uses-permission#android.permission.CAMERA
ADDED from src\main\AndroidManifest.xml:44:5-65
	android:name
		ADDED from src\main\AndroidManifest.xml:44:22-62
uses-permission#android.permission.INTERNET
ADDED from src\main\AndroidManifest.xml:45:5-67
	android:name
		ADDED from src\main\AndroidManifest.xml:45:22-64
uses-permission#android.permission.ACCESS_NETWORK_STATE
ADDED from src\main\AndroidManifest.xml:46:5-79
	android:name
		ADDED from src\main\AndroidManifest.xml:46:22-76
uses-permission#android.permission.WRITE_EXTERNAL_STORAGE
ADDED from src\main\AndroidManifest.xml:47:5-81
	android:name
		ADDED from src\main\AndroidManifest.xml:47:22-78
uses-feature#android.hardware.camera.any
ADDED from src\main\AndroidManifest.xml:49:5-64
	android:name
		ADDED from src\main\AndroidManifest.xml:49:19-61
uses-feature#android.hardware.camera
ADDED from src\main\AndroidManifest.xml:50:5-52:36
	android:required
		ADDED from src\main\AndroidManifest.xml:52:9-33
	android:name
		ADDED from src\main\AndroidManifest.xml:51:9-47
uses-feature#android.hardware.camera.autofocus
ADDED from src\main\AndroidManifest.xml:53:5-55:36
	android:required
		ADDED from src\main\AndroidManifest.xml:55:9-33
	android:name
		ADDED from src\main\AndroidManifest.xml:54:9-57
uses-feature#0x00020000
ADDED from src\main\AndroidManifest.xml:56:5-54
	android:glEsVersion
		ADDED from src\main\AndroidManifest.xml:56:19-51
uses-feature#android.hardware.vulkan
ADDED from src\main\AndroidManifest.xml:57:5-59:36
	android:required
		ADDED from src\main\AndroidManifest.xml:59:9-33
	android:name
		ADDED from src\main\AndroidManifest.xml:58:9-47
uses-feature#android.hardware.touchscreen
ADDED from src\main\AndroidManifest.xml:60:5-62:36
	android:required
		ADDED from src\main\AndroidManifest.xml:62:9-33
	android:name
		ADDED from src\main\AndroidManifest.xml:61:9-52
uses-feature#android.hardware.touchscreen.multitouch
ADDED from src\main\AndroidManifest.xml:63:5-65:36
	android:required
		ADDED from src\main\AndroidManifest.xml:65:9-33
	android:name
		ADDED from src\main\AndroidManifest.xml:64:9-63
uses-feature#android.hardware.touchscreen.multitouch.distinct
ADDED from src\main\AndroidManifest.xml:66:5-68:36
	android:required
		ADDED from src\main\AndroidManifest.xml:68:9-33
	android:name
		ADDED from src\main\AndroidManifest.xml:67:9-72
uses-sdk
INJECTED from src\main\AndroidManifest.xml reason: use-sdk injection requested
INJECTED from src\main\AndroidManifest.xml
INJECTED from src\main\AndroidManifest.xml
INJECTED from src\main\AndroidManifest.xml
INJECTED from src\main\AndroidManifest.xml
	android:targetSdkVersion
		INJECTED from src\main\AndroidManifest.xml
		ADDED from src\main\AndroidManifest.xml
		INJECTED from src\main\AndroidManifest.xml
	android:minSdkVersion
		INJECTED from src\main\AndroidManifest.xml
		ADDED from src\main\AndroidManifest.xml
		INJECTED from src\main\AndroidManifest.xml